<?xml version="1.0" encoding="utf-8"?><testsuites name="pytest tests"><testsuite name="pytest" errors="0" failures="0" skipped="0" tests="16" time="7.740" timestamp="2026-07-12T07:28:44.785109+00:00" hostname="agent-env-5cd6cc33-f940-434f-aa02-511ba8586701"><testcase classname="tests.backend_test.TestContent" name="test_prompts" time="0.130" /><testcase classname="tests.backend_test.TestEchoLink" name="test_spin_new_guest_skews_highvalue" time="3.396" /><testcase classname="tests.backend_test.TestContent" name="test_copy_removes_fillers" time="0.030" /><testcase classname="tests.backend_test.TestContent" name="test_copy_empty_transcript" time="0.070" /><testcase classname="tests.backend_test.TestContent" name="test_critic_index0_strong" time="0.141" /><testcase classname="tests.backend_test.TestContent" name="test_critic_index1_weak" time="0.070" /><testcase classname="tests.backend_test.TestContent" name="test_critic_index2" time="0.033" /><testcase classname="tests.backend_test.TestContent" name="test_critic_out_of_range_clamped" time="0.071" /><testcase classname="tests.backend_test.TestAdSmith" name="test_reports_shape" time="0.107" /><testcase classname="tests.backend_test.TestAdSmith" name="test_reconcile_shifts_toward_winner" time="0.169" /><testcase classname="tests.backend_test.TestAdSmith" name="test_reset_restores_five_weeks" time="0.206" /><testcase classname="tests.backend_test.TestHealth" name="test_root" time="0.029" /><testcase classname="tests.backend_test.TestOverview" name="test_overview_shape" time="0.072" /><testcase classname="tests.backend_test.TestEchoLink" name="test_spin_repeat_skews_standard" time="3.603" /><testcase classname="tests.backend_test.TestEchoLink" name="test_segments" time="0.036" /><testcase classname="tests.backend_test.TestEchoLink" name="test_drip" time="0.034" /></testsuite></testsuites>