<?xml version="1.0" encoding="utf-8"?><testsuites name="pytest tests"><testsuite name="pytest" errors="0" failures="0" skipped="0" tests="26" time="2.051" timestamp="2026-07-15T21:34:28.891600+00:00" hostname="agent-env-5cd6cc33-f940-434f-aa02-511ba8586701"><testcase classname="tests.backend_test.TestConnections" name="test_pathways_returns_5" time="0.136" /><testcase classname="tests.backend_test.TestCoreRoutes" name="test_overview" time="0.261" /><testcase classname="tests.backend_test.TestConnections" name="test_oauth_start_valid_platform[google]" time="0.266" /><testcase classname="tests.backend_test.TestCoreRoutes" name="test_executioner_reports" time="0.040" /><testcase classname="tests.backend_test.TestCoreRoutes" name="test_executioner_reconcile_and_reset" time="0.241" /><testcase classname="tests.backend_test.TestConnections" name="test_oauth_start_valid_platform[tiktok]" time="0.074" /><testcase classname="tests.backend_test.TestConnections" name="test_oauth_start_valid_platform[instagram]" time="0.033" /><testcase classname="tests.backend_test.TestConnections" name="test_oauth_start_valid_platform[facebook]" time="0.073" /><testcase classname="tests.backend_test.TestCoreRoutes" name="test_recommended_plan" time="0.047" /><testcase classname="tests.backend_test.TestConnections" name="test_oauth_start_valid_platform[youtube]" time="0.050" /><testcase classname="tests.backend_test.TestCoreRoutes" name="test_maximizer_games" time="0.116" /><testcase classname="tests.backend_test.TestConnections" name="test_oauth_start_unknown_platform" time="0.028" /><testcase classname="tests.backend_test.TestConnections" name="test_oauth_callback_marks_authorized" time="0.055" /><testcase classname="tests.backend_test.TestCoreRoutes" name="test_maximizer_set_active" time="0.124" /><testcase classname="tests.backend_test.TestConnections" name="test_get_connections_reflects_state_and_disconnect_clears_auth" time="0.137" /><testcase classname="tests.backend_test.TestCoreRoutes" name="test_maximizer_segments" time="0.039" /><testcase classname="tests.backend_test.TestContentDirector" name="test_prompts_has_distribution" time="0.032" /><testcase classname="tests.backend_test.TestCoreRoutes" name="test_maximizer_drip" time="0.091" /><testcase classname="tests.backend_test.TestContentDirector" name="test_distribution_endpoint" time="0.033" /><testcase classname="tests.backend_test.TestContentDirector" name="test_content_copy" time="0.073" /><testcase classname="tests.backend_test.TestCoreRoutes" name="test_maximizer_spin" time="0.040" /><testcase classname="tests.backend_test.TestContentDirector" name="test_content_critic" time="0.143" /><testcase classname="tests.backend_test.TestCoreRoutes" name="test_codes_flow" time="0.194" /><testcase classname="tests.backend_test.TestEmailTrickle" name="test_trickle_plan" time="0.029" /><testcase classname="tests.backend_test.TestEmailTrickle" name="test_email_preview" time="0.073" /><testcase classname="tests.backend_test.TestWelcomeAutomation" name="test_full_welcome_flow" time="0.216" /></testsuite></testsuites>